<?xml version="1.0" encoding="UTF-8"?>
<!-- Generated by org.testng.reporters.JUnitReportReporter -->
<testsuite hostname="Sam-Personal" failures="0" tests="1" name="com.vision.test.ResourcesPageTest" time="1211.843" errors="0" timestamp="2022-11-07T14:21:16 IST" skipped="0">
  <testcase classname="com.vision.test.ResourcesPageTest" name="Resource" time="1211.843"/>
  <system-out/>
</testsuite> <!-- com.vision.test.ResourcesPageTest -->
