<?xml version="1.0" encoding="UTF-8"?>
<!-- Generated by org.testng.reporters.JUnitReportReporter -->
<testsuite hostname="Sam-Personal" failures="0" tests="1" name="com.vision.test.SupplierInvoicePageTest" time="212.101" errors="0" timestamp="2022-10-20T20:39:25 IST" skipped="0">
  <testcase classname="com.vision.test.SupplierInvoicePageTest" name="SupplierInvoice" time="212.101"/>
  <system-out/>
</testsuite> <!-- com.vision.test.SupplierInvoicePageTest -->
