<?xml version="1.0" encoding="UTF-8"?>
<!-- Generated by org.testng.reporters.JUnitReportReporter -->
<testsuite hostname="Sam-Personal" failures="0" tests="1" name="com.vision.test.JobListPageTest" time="63.400" errors="0" timestamp="2022-10-22T18:06:45 IST" skipped="0">
  <testcase classname="com.vision.test.JobListPageTest" name="JobListtest" time="63.400"/>
  <system-out/>
</testsuite> <!-- com.vision.test.JobListPageTest -->
