<?xml version="1.0" encoding="UTF-8"?>
<!-- Generated by org.testng.reporters.JUnitReportReporter -->
<testsuite hostname="Sam-Personal" failures="0" tests="1" name="com.vision.test.OrderSummaryPageTest" time="318.196" errors="0" timestamp="2022-11-04T22:48:08 IST" skipped="0">
  <testcase classname="com.vision.test.OrderSummaryPageTest" name="orderSummary" time="318.196"/>
  <system-out/>
</testsuite> <!-- com.vision.test.OrderSummaryPageTest -->
