<?xml version="1.0" encoding="UTF-8"?>
<!-- Generated by org.testng.reporters.JUnitReportReporter -->
<testsuite hostname="Sam-Personal" failures="0" tests="1" name="com.vision.test.WorkOrderPageTest" time="81.224" errors="0" timestamp="2022-11-08T17:18:13 IST" skipped="0">
  <testcase classname="com.vision.test.WorkOrderPageTest" name="newWorkOrderTest" time="81.224"/>
  <system-out/>
</testsuite> <!-- com.vision.test.WorkOrderPageTest -->
