<?xml version="1.0" encoding="UTF-8"?>
<!-- Generated by org.testng.reporters.JUnitReportReporter -->
<testsuite hostname="Sam-Personal" failures="0" tests="1" name="com.vision.test.StoragePageTest" time="842.900" errors="0" timestamp="2022-10-20T21:19:52 IST" skipped="0">
  <testcase classname="com.vision.test.StoragePageTest" name="Storage" time="842.900"/>
  <system-out/>
</testsuite> <!-- com.vision.test.StoragePageTest -->
