<?xml version="1.0" encoding="UTF-8"?>
<!-- Generated by org.testng.reporters.JUnitReportReporter -->
<testsuite hostname="Sam-Personal" failures="0" tests="1" name="com.vision.test.StorageTypePageTest" time="181.989" errors="0" timestamp="2022-10-20T21:04:32 IST" skipped="0">
  <testcase classname="com.vision.test.StorageTypePageTest" name="StorageType" time="181.989"/>
  <system-out/>
</testsuite> <!-- com.vision.test.StorageTypePageTest -->
