<?xml version="1.0" encoding="UTF-8"?>
<!-- Generated by org.testng.reporters.JUnitReportReporter -->
<testsuite hostname="Sam-Personal" failures="0" tests="2" name="com.vision.test.OrderDetailsPageTest" time="1073.831" errors="0" timestamp="2022-11-10T03:23:37 IST" skipped="0">
  <testcase classname="com.vision.test.OrderDetailsPageTest" name="orderDetails" time="881.692"/>
  <system-out/>
  <testcase classname="com.vision.test.OrderDetailsPageTest" name="rough" time="192.139"/>
  <system-out/>
</testsuite> <!-- com.vision.test.OrderDetailsPageTest -->
