<?xml version="1.0" encoding="UTF-8"?>
<!-- Generated by org.testng.reporters.JUnitReportReporter -->
<testsuite hostname="Sam-Personal" failures="0" tests="1" name="com.vision.test.ResourcesPageTest" time="578.637" errors="0" timestamp="2022-11-10T03:23:37 IST" skipped="0">
  <testcase classname="com.vision.test.ResourcesPageTest" name="Resource" time="578.637"/>
  <system-out/>
</testsuite> <!-- com.vision.test.ResourcesPageTest -->
