<?xml version="1.0" encoding="UTF-8"?>
<!-- Generated by org.testng.reporters.JUnitReportReporter -->
<testsuite hostname="Sam-Personal" failures="0" tests="2" name="com.vision.test.OrderSummaryPageTest" time="502.028" errors="0" timestamp="2022-11-10T03:23:37 IST" skipped="0">
  <testcase classname="com.vision.test.OrderSummaryPageTest" name="orderSummary" time="325.333"/>
  <system-out/>
  <testcase classname="com.vision.test.OrderSummaryPageTest" name="rough" time="176.695"/>
  <system-out/>
</testsuite> <!-- com.vision.test.OrderSummaryPageTest -->
